<?xml version="1.0" encoding="UTF-8"?>
<testng-results ignored="0" total="1" passed="1" failed="0" skipped="0">
  <reporter-output>
  </reporter-output>
  <suite started-at="2024-02-11T23:05:51 IST" name="Suite" finished-at="2024-02-11T23:06:15 IST" duration-ms="23435">
    <groups>
    </groups>
    <test started-at="2024-02-11T23:05:51 IST" name="Test" finished-at="2024-02-11T23:06:15 IST" duration-ms="23435">
      <class name="Practice.ProjectPractice1.AmazonE2E">
        <test-method signature="E2EFlow()[pri:0, instance:Practice.ProjectPractice1.AmazonE2E@73a1e9a9]" started-at="2024-02-11T23:05:51 IST" name="E2EFlow" finished-at="2024-02-11T23:06:15 IST" duration-ms="23357" status="PASS">
          <reporter-output>
          </reporter-output>
        </test-method> <!-- E2EFlow -->
      </class> <!-- Practice.ProjectPractice1.AmazonE2E -->
    </test> <!-- Test -->
  </suite> <!-- Suite -->
</testng-results>
